<?xml version="1.0" encoding="UTF-8"?>
<testng-results ignored="0" total="1" passed="1" failed="0" skipped="0">
  <reporter-output>
  </reporter-output>
  <suite started-at="2023-09-30T11:42:53 IST" name="Default suite" finished-at="2023-09-30T11:43:27 IST" duration-ms="34225">
    <groups>
    </groups>
    <test started-at="2023-09-30T11:42:53 IST" name="Default test" finished-at="2023-09-30T11:43:27 IST" duration-ms="34225">
      <class name="TestNG.Flipkart_TestNg">
        <test-method is-config="true" signature="openbrowser()[pri:0, instance:TestNG.Flipkart_TestNg@776aec5c]" started-at="2023-09-30T11:42:53 IST" name="openbrowser" finished-at="2023-09-30T11:43:15 IST" duration-ms="22304" status="PASS">
          <reporter-output>
          </reporter-output>
        </test-method> <!-- openbrowser -->
        <test-method signature="Searchitem()[pri:0, instance:TestNG.Flipkart_TestNg@776aec5c]" started-at="2023-09-30T11:43:15 IST" name="Searchitem" finished-at="2023-09-30T11:43:26 IST" duration-ms="10839" status="PASS">
          <reporter-output>
          </reporter-output>
        </test-method> <!-- Searchitem -->
        <test-method is-config="true" signature="Browserclose()[pri:0, instance:TestNG.Flipkart_TestNg@776aec5c]" started-at="2023-09-30T11:43:26 IST" name="Browserclose" finished-at="2023-09-30T11:43:27 IST" duration-ms="831" status="PASS">
          <reporter-output>
          </reporter-output>
        </test-method> <!-- Browserclose -->
      </class> <!-- TestNG.Flipkart_TestNg -->
    </test> <!-- Default test -->
  </suite> <!-- Default suite -->
</testng-results>
