<?xml version="1.0" encoding="UTF-8"?>
<!-- Generated by org.testng.reporters.JUnitXMLReporter -->
<testsuite ignored="1" hostname="DESKTOP-CCR1U42" failures="0" tests="3" name="Test" time="60.103" errors="0" timestamp="2023-09-23T11:34:14 IST">
  <testcase classname="TestNG.Demofirst" name="adc" time="6.574"/>
  <testcase classname="TestNG.Demofirst" name="aaa" time="4.08"/>
  <testcase classname="TestNG.Demo2" name="adc" time="6.683"/>
  <testcase classname="TestNG.Demo2" name="aaa" time="0.0">
    <ignored/>
  </testcase> <!-- aaa -->
</testsuite> <!-- Test -->
